<?xml version="1.0" encoding="UTF-8"?>
<testng-results skipped="0" failed="1" ignored="0" total="1" passed="0">
  <reporter-output>
  </reporter-output>
  <suite name="Default suite" duration-ms="81877" started-at="2018-02-07T13:33:51Z" finished-at="2018-02-07T13:35:13Z">
    <groups>
    </groups>
    <test name="Default test" duration-ms="81877" started-at="2018-02-07T13:33:51Z" finished-at="2018-02-07T13:35:13Z">
      <class name="com.mindstix.appium.Testing">
        <test-method status="FAIL" signature="appLaunch()[pri:0, instance:com.mindstix.appium.Testing@2a70a3d8]" name="appLaunch" duration-ms="81847" started-at="2018-02-07T19:03:51Z" finished-at="2018-02-07T19:05:13Z">
          <exception class="org.openqa.selenium.WebDriverException">
            <message>
              <![CDATA[An unknown server-side error occurred while processing the command. Original error: Error executing adbExec. Original error: 'Command 'C\:\\Users\\Mindstix-User\\AppData\\Local\\Android\\sdk\\platform-tools\\adb.exe -P 5037 -s emulator-5554 shell pm list packages com.vodqareactnative' timed out after 20000ms'; Stderr: ''; Code: 'null' (WARNING: The server did not provide any stacktrace information)Command duration or timeout: 81.44 secondsBuild info: version: '2.53.1', revision: 'a36b8b1cd5757287168e54b817830adce9b0158d', time: '2016-06-30 19:26:09'System info: host: 'Lenovo-PC', ip: '169.254.75.55', os.name: 'Windows 10', os.arch: 'amd64', os.version: '10.0', java.version: '1.8.0_74'Driver info: io.appium.java_client.android.AndroidDriver]]>
            </message>
            <full-stacktrace>
              <![CDATA[org.openqa.selenium.WebDriverException: An unknown server-side error occurred while processing the command. Original error: Error executing adbExec. Original error: 'Command 'C\:\\Users\\Mindstix-User\\AppData\\Local\\Android\\sdk\\platform-tools\\adb.exe -P 5037 -s emulator-5554 shell pm list packages com.vodqareactnative' timed out after 20000ms'; Stderr: ''; Code: 'null' (WARNING: The server did not provide any stacktrace information)Command duration or timeout: 81.44 secondsBuild info: version: '2.53.1', revision: 'a36b8b1cd5757287168e54b817830adce9b0158d', time: '2016-06-30 19:26:09'System info: host: 'Lenovo-PC', ip: '169.254.75.55', os.name: 'Windows 10', os.arch: 'amd64', os.version: '10.0', java.version: '1.8.0_74'Driver info: io.appium.java_client.android.AndroidDriverat sun.reflect.NativeConstructorAccessorImpl.newInstance0(Native Method)at sun.reflect.NativeConstructorAccessorImpl.newInstance(Unknown Source)at sun.reflect.DelegatingConstructorAccessorImpl.newInstance(Unknown Source)at java.lang.reflect.Constructor.newInstance(Unknown Source)at org.openqa.selenium.remote.ErrorHandler.createThrowable(ErrorHandler.java:206)at org.openqa.selenium.remote.ErrorHandler.throwIfResponseFailed(ErrorHandler.java:158)at org.openqa.selenium.remote.RemoteWebDriver.execute(RemoteWebDriver.java:678)at io.appium.java_client.DefaultGenericMobileDriver.execute(DefaultGenericMobileDriver.java:40)at io.appium.java_client.AppiumDriver.execute(AppiumDriver.java:1)at io.appium.java_client.android.AndroidDriver.execute(AndroidDriver.java:1)at org.openqa.selenium.remote.RemoteWebDriver.startSession(RemoteWebDriver.java:249)at org.openqa.selenium.remote.RemoteWebDriver.<init>(RemoteWebDriver.java:131)at org.openqa.selenium.remote.RemoteWebDriver.<init>(RemoteWebDriver.java:144)at io.appium.java_client.DefaultGenericMobileDriver.<init>(DefaultGenericMobileDriver.java:36)at io.appium.java_client.AppiumDriver.<init>(AppiumDriver.java:114)at io.appium.java_client.AppiumDriver.<init>(AppiumDriver.java:132)at io.appium.java_client.android.AndroidDriver.<init>(AndroidDriver.java:92)at com.mindstix.appium.Testing.appLaunch(Testing.java:29)at sun.reflect.NativeMethodAccessorImpl.invoke0(Native Method)at sun.reflect.NativeMethodAccessorImpl.invoke(Unknown Source)at sun.reflect.DelegatingMethodAccessorImpl.invoke(Unknown Source)at java.lang.reflect.Method.invoke(Unknown Source)at org.testng.internal.MethodInvocationHelper.invokeMethod(MethodInvocationHelper.java:124)at org.testng.internal.Invoker.invokeMethod(Invoker.java:571)at org.testng.internal.Invoker.invokeTestMethod(Invoker.java:707)at org.testng.internal.Invoker.invokeTestMethods(Invoker.java:979)at org.testng.internal.TestMethodWorker.invokeTestMethods(TestMethodWorker.java:125)at org.testng.internal.TestMethodWorker.run(TestMethodWorker.java:109)at org.testng.TestRunner.privateRun(TestRunner.java:648)at org.testng.TestRunner.run(TestRunner.java:505)at org.testng.SuiteRunner.runTest(SuiteRunner.java:455)at org.testng.SuiteRunner.runSequentially(SuiteRunner.java:450)at org.testng.SuiteRunner.privateRun(SuiteRunner.java:415)at org.testng.SuiteRunner.run(SuiteRunner.java:364)at org.testng.SuiteRunnerWorker.runSuite(SuiteRunnerWorker.java:52)at org.testng.SuiteRunnerWorker.run(SuiteRunnerWorker.java:84)at org.testng.TestNG.runSuitesSequentially(TestNG.java:1187)at org.testng.TestNG.runSuitesLocally(TestNG.java:1116)at org.testng.TestNG.runSuites(TestNG.java:1028)at org.testng.TestNG.run(TestNG.java:996)at org.testng.remote.AbstractRemoteTestNG.run(AbstractRemoteTestNG.java:114)at org.testng.remote.RemoteTestNG.initAndRun(RemoteTestNG.java:251)at org.testng.remote.RemoteTestNG.main(RemoteTestNG.java:77)]]>
            </full-stacktrace>
          </exception> <!-- org.openqa.selenium.WebDriverException -->
          <reporter-output>
          </reporter-output>
        </test-method> <!-- appLaunch -->
      </class> <!-- com.mindstix.appium.Testing -->
    </test> <!-- Default test -->
  </suite> <!-- Default suite -->
</testng-results>
